<?xml version="1.0" encoding="utf-8" standalone="no"?>
<!--This file represents the results of running a test suite-->
<test-results name="C:\Users\RAVI RAI\Documents\Visual Studio 2012\Projects\UnitTestProject1\UnitTestProject1\bin\Debug\UnitTestProject1.dll" total="2" errors="0" failures="0" not-run="0" inconclusive="0" ignored="0" skipped="0" invalid="0" date="2015-09-05" time="14:58:56">
  <environment nunit-version="2.6.4.14350" clr-version="2.0.50727.8009" os-version="Microsoft Windows NT 6.2.9200.0" platform="Win32NT" cwd="C:\Users\RAVI RAI\Documents\Visual Studio 2012\Projects\UnitTestProject1\UnitTestProject1\bin\Debug" machine-name="VAIO" user="RAVI RAI" user-domain="VAIO" />
  <culture-info current-culture="en-IN" current-uiculture="en-US" />
  <test-suite type="Assembly" name="C:\Users\RAVI RAI\Documents\Visual Studio 2012\Projects\UnitTestProject1\UnitTestProject1\bin\Debug\UnitTestProject1.dll" executed="True" result="Success" success="True" time="26.973" asserts="0">
    <results>
      <test-suite type="Namespace" name="UnitTestProject1" executed="True" result="Success" success="True" time="26.955" asserts="0">
        <results>
          <test-suite type="TestFixture" name="AdditionFeature" description="Addition" executed="True" result="Success" success="True" time="15.686" asserts="0">
            <results>
              <test-case name="UnitTestProject1.AdditionFeature.AddTwoNumbers" description="Add two numbers" executed="True" result="Success" success="True" time="0.231" asserts="0">
                <categories>
                  <category name="mytag" />
                </categories>
              </test-case>
            </results>
          </test-suite>
          <test-suite type="Namespace" name="Features" executed="True" result="Success" success="True" time="11.261" asserts="0">
            <results>
              <test-suite type="TestFixture" name="GoogleSearchFeature" description="Google search" executed="True" result="Success" success="True" time="11.261" asserts="0">
                <results>
                  <test-case name="UnitTestProject1.Features.GoogleSearchFeature.GoogleSearchWithoutTabularParams" description="Google Search without tabular params" executed="True" result="Success" success="True" time="11.259" asserts="2">
                    <categories>
                      <category name="mytag" />
                    </categories>
                  </test-case>
                </results>
              </test-suite>
            </results>
          </test-suite>
        </results>
      </test-suite>
    </results>
  </test-suite>
</test-results>